<?xml version="1.0" encoding="UTF-8"?>
<!-- Generated by org.testng.reporters.JUnitReportReporter -->
<testsuite hostname="MBP-RAM.local" failures="0" tests="1" name="Day1.Simple_Selenium_Test_using_TestNG" time="54.366" errors="0" timestamp="2022-08-11T04:54:42 AST" skipped="0">
  <testcase classname="Day1.Simple_Selenium_Test_using_TestNG" name="login" time="54.366"/>
  <system-out/>
</testsuite> <!-- Day1.Simple_Selenium_Test_using_TestNG -->
