<?xml version="1.0" encoding="UTF-8"?>
<!-- Generated by org.testng.reporters.JUnitReportReporter -->
<testsuite hostname="MBP-RAM.local" failures="0" tests="1" name="Day2.TestNG1" time="30.942" errors="0" timestamp="2022-08-08T14:26:44 AST" skipped="0">
  <testcase classname="Day2.TestNG1" name="testGoogle" time="30.942"/>
  <system-out>
    <![CDATA[Launching safari Driver
Asserted the title of Google]]>
  </system-out>
</testsuite> <!-- Day2.TestNG1 -->
