<?xml version="1.0" encoding="UTF-8"?>
<!-- Generated by org.testng.reporters.JUnitReportReporter -->
<testsuite hostname="MBP-RAM.local" failures="0" tests="1" name="Day2.ReporterDemo" time="43.601" errors="0" timestamp="2022-08-08T14:03:20 AST" skipped="0">
  <testcase classname="Day2.ReporterDemo" name="testReport" time="43.601"/>
  <system-out>
    <![CDATA[Browser Opened
Browser Maximized
Application started
Application closed]]>
  </system-out>
</testsuite> <!-- Day2.ReporterDemo -->
