<?xml version="1.0" encoding="UTF-8"?>
<!-- Generated by org.testng.reporters.JUnitReportReporter -->
<testsuite hostname="MBP-RAM.local" failures="0" tests="1" name="Day1.TestNG2" time="0.007" errors="0" timestamp="2022-08-07T16:07:22 AST" skipped="0">
  <testcase classname="Day1.TestNG2" name="f" time="0.007"/>
  <system-out/>
</testsuite> <!-- Day1.TestNG2 -->
